0 info it worked if it ends with ok
1 verbose cli [ '/usr/local/bin/node', '/usr/local/bin/npm', 'publish' ]
2 info using npm@2.15.5
3 info using node@v4.4.5
4 verbose publish [ '.' ]
5 silly cache add args [ '.', null ]
6 verbose cache add spec .
7 silly cache add parsed spec Result {
7 silly cache add   raw: '.',
7 silly cache add   scope: null,
7 silly cache add   name: null,
7 silly cache add   rawSpec: '.',
7 silly cache add   spec: '/Users/gochinj/ws/noinfopath-v3/noinfopath-bson-timestamp',
7 silly cache add   type: 'directory' }
8 verbose addLocalDirectory /Users/gochinj/.npm/noinfopath-bson-timestamp/1.0.1/package.tgz not in flight; packing
9 verbose correctMkdir /Users/gochinj/.npm correctMkdir not in flight; initializing
10 verbose tar pack [ '/Users/gochinj/.npm/noinfopath-bson-timestamp/1.0.1/package.tgz',
10 verbose tar pack   '/Users/gochinj/ws/noinfopath-v3/noinfopath-bson-timestamp' ]
11 verbose tarball /Users/gochinj/.npm/noinfopath-bson-timestamp/1.0.1/package.tgz
12 verbose folder /Users/gochinj/ws/noinfopath-v3/noinfopath-bson-timestamp
13 info prepublish noinfopath-bson-timestamp@1.0.1
14 verbose addLocalTarball adding from inside cache /Users/gochinj/.npm/noinfopath-bson-timestamp/1.0.1/package.tgz
15 verbose correctMkdir /Users/gochinj/.npm correctMkdir not in flight; initializing
16 silly cache afterAdd noinfopath-bson-timestamp@1.0.1
17 verbose afterAdd /Users/gochinj/.npm/noinfopath-bson-timestamp/1.0.1/package/package.json not in flight; writing
18 verbose correctMkdir /Users/gochinj/.npm correctMkdir not in flight; initializing
19 verbose afterAdd /Users/gochinj/.npm/noinfopath-bson-timestamp/1.0.1/package/package.json written
20 silly publish { name: 'noinfopath-bson-timestamp',
20 silly publish   version: '1.0.1',
20 silly publish   description: 'Makes BSON Timestamps usable.',
20 silly publish   main: 'index.js',
20 silly publish   scripts: { test: 'echo "Error: no test specified" && exit 1' },
20 silly publish   repository:
20 silly publish    { type: 'git',
20 silly publish      url: 'http://gitlab.imginconline.com/noinfopath/noinfopath-bson-timestamp.git' },
20 silly publish   author: { name: 'The NoInfoPath Group, llc' },
20 silly publish   license: 'MIT',
20 silly publish   dependencies: { mongodb: '^2.2.9' },
20 silly publish   readme: '# NoInfoPath BSON Timestamp\n\n[![NPM](https://nodei.co/npm/noinfopath-bson-timestamp.png?downloads=true&downloadRank=true&stars=true)](https://nodei.co/npm/noinfopath-bson-timestamp/)\n\n[![NPM](https://nodei.co/npm-dl/noinfopath-bson-timestamp.png)](https://nodei.co/npm/noinfopath-bson-timestamp/)\n\nThis module provide two useful functions for converting a BSON Timestamp object \nto a Unix Epoc timestamp, and back again.  \n\n## Install\n\n```\n    npm install noinfopath-bson-timestamp --save\n```\n\n## Usage\n\n```\n    var unixTimestamp = NoBSONTimestamp.toNumber(timestamp),\n\t    bsonTimestamp = NoBSONTimestamp.fromNumber(tsn);\n```\n\n## Dependecies\nThis module requires the following dependencies:\n\n```\n    npm install mongodb --save\n```',
20 silly publish   readmeFilename: 'README.md',
20 silly publish   gitHead: 'ae6af0bd50e33877f468db821003acc8f8949d83',
20 silly publish   _id: 'noinfopath-bson-timestamp@1.0.1',
20 silly publish   _shasum: '23982a0744ef06793d223d14166c22a5249a7ee0',
20 silly publish   _from: '.' }
21 verbose getPublishConfig undefined
22 silly mapToRegistry name noinfopath-bson-timestamp
23 silly mapToRegistry using default registry
24 silly mapToRegistry registry https://registry.npmjs.org/
25 silly mapToRegistry data Result {
25 silly mapToRegistry   raw: 'noinfopath-bson-timestamp',
25 silly mapToRegistry   scope: null,
25 silly mapToRegistry   name: 'noinfopath-bson-timestamp',
25 silly mapToRegistry   rawSpec: '',
25 silly mapToRegistry   spec: 'latest',
25 silly mapToRegistry   type: 'tag' }
26 silly mapToRegistry uri https://registry.npmjs.org/noinfopath-bson-timestamp
27 verbose publish registryBase https://registry.npmjs.org/
28 silly publish uploading /Users/gochinj/.npm/noinfopath-bson-timestamp/1.0.1/package.tgz
29 verbose request uri https://registry.npmjs.org/noinfopath-bson-timestamp
30 verbose request sending authorization for write operation
31 info attempt registry request try #1 at 3:59:32 PM
32 verbose request using bearer token for auth
33 verbose request id 8a0344d555ed47ff
34 http request PUT https://registry.npmjs.org/noinfopath-bson-timestamp
35 http 403 https://registry.npmjs.org/noinfopath-bson-timestamp
36 verbose headers { 'content-type': 'application/json',
36 verbose headers   'cache-control': 'max-age=300',
36 verbose headers   'content-length': '95',
36 verbose headers   'accept-ranges': 'bytes',
36 verbose headers   date: 'Fri, 09 Sep 2016 19:59:33 GMT',
36 verbose headers   via: '1.1 varnish',
36 verbose headers   connection: 'keep-alive',
36 verbose headers   'x-served-by': 'cache-jfk8148-JFK',
36 verbose headers   'x-cache': 'MISS',
36 verbose headers   'x-cache-hits': '0',
36 verbose headers   'x-timer': 'S1473451172.531589,VS0,VE756',
36 verbose headers   vary: 'Accept-Encoding' }
37 verbose request invalidating /Users/gochinj/.npm/registry.npmjs.org/noinfopath-bson-timestamp on PUT
38 error publish Failed PUT 403
39 verbose stack Error: "You cannot publish over the previously published version 1.0.1." : noinfopath-bson-timestamp
39 verbose stack     at makeError (/usr/local/lib/node_modules/npm/node_modules/npm-registry-client/lib/request.js:264:12)
39 verbose stack     at CachingRegistryClient.<anonymous> (/usr/local/lib/node_modules/npm/node_modules/npm-registry-client/lib/request.js:252:14)
39 verbose stack     at Request._callback (/usr/local/lib/node_modules/npm/node_modules/npm-registry-client/lib/request.js:172:14)
39 verbose stack     at Request.self.callback (/usr/local/lib/node_modules/npm/node_modules/request/request.js:200:22)
39 verbose stack     at emitTwo (events.js:87:13)
39 verbose stack     at Request.emit (events.js:172:7)
39 verbose stack     at Request.<anonymous> (/usr/local/lib/node_modules/npm/node_modules/request/request.js:1067:10)
39 verbose stack     at emitOne (events.js:82:20)
39 verbose stack     at Request.emit (events.js:169:7)
39 verbose stack     at IncomingMessage.<anonymous> (/usr/local/lib/node_modules/npm/node_modules/request/request.js:988:12)
40 verbose statusCode 403
41 verbose pkgid noinfopath-bson-timestamp
42 verbose cwd /Users/gochinj/ws/noinfopath-v3/noinfopath-bson-timestamp
43 error Darwin 15.6.0
44 error argv "/usr/local/bin/node" "/usr/local/bin/npm" "publish"
45 error node v4.4.5
46 error npm  v2.15.5
47 error code E403
48 error "You cannot publish over the previously published version 1.0.1." : noinfopath-bson-timestamp
49 error If you need help, you may report this error at:
49 error     <https://github.com/npm/npm/issues>
50 verbose exit [ 1, true ]
